{"level":"info","message":"Database tables initialized","timestamp":"2026-01-03 15:08:47"}
{"level":"info","message":"Database initialized successfully","timestamp":"2026-01-03 15:08:47"}
{"level":"info","message":"Server running on port 5000","timestamp":"2026-01-03 15:08:47"}
{"level":"info","message":"Environment: development","timestamp":"2026-01-03 15:08:47"}
{"level":"info","message":"Database tables initialized","timestamp":"2026-01-03 15:09:19"}
{"level":"info","message":"Database initialized successfully","timestamp":"2026-01-03 15:09:19"}
{"level":"info","message":"Server running on port 5000","timestamp":"2026-01-03 15:09:19"}
{"level":"info","message":"Environment: development","timestamp":"2026-01-03 15:09:19"}
{"level":"error","message":"Invalid email or password","method":"POST","path":"/api/auth/login","stack":"Error: Invalid email or password\n    at createError (C:\\Users\\Jay\\Downloads\\all-in-hackathon-hero-main1\\all-in-hackathon-hero-main1\\backend\\src\\middleware\\errorHandler.ts:33:27)\n    at login (C:\\Users\\Jay\\Downloads\\all-in-hackathon-hero-main1\\all-in-hackathon-hero-main1\\backend\\src\\services\\auth.service.ts:51:11)\n    at process.processTicksAndRejections (node:internal/process/task_queues:103:5)\n    at async loginController (C:\\Users\\Jay\\Downloads\\all-in-hackathon-hero-main1\\all-in-hackathon-hero-main1\\backend\\src\\controllers\\auth.controller.ts:7:20)","timestamp":"2026-01-03 15:24:46"}
{"level":"info","message":"Database seeded successfully","timestamp":"2026-01-03 15:26:37"}
{"level":"info","message":"Database tables initialized","timestamp":"2026-01-03 15:26:43"}
{"level":"info","message":"Database initialized successfully","timestamp":"2026-01-03 15:26:43"}
{"level":"info","message":"Server running on port 5000","timestamp":"2026-01-03 15:26:43"}
{"level":"info","message":"Environment: development","timestamp":"2026-01-03 15:26:43"}
{"level":"error","message":"Invalid email or password","method":"POST","path":"/api/auth/login","stack":"Error: Invalid email or password\n    at createError (C:\\Users\\Jay\\Downloads\\all-in-hackathon-hero-main1\\all-in-hackathon-hero-main1\\backend\\src\\middleware\\errorHandler.ts:33:27)\n    at login (C:\\Users\\Jay\\Downloads\\all-in-hackathon-hero-main1\\all-in-hackathon-hero-main1\\backend\\src\\services\\auth.service.ts:51:11)\n    at process.processTicksAndRejections (node:internal/process/task_queues:103:5)\n    at async loginController (C:\\Users\\Jay\\Downloads\\all-in-hackathon-hero-main1\\all-in-hackathon-hero-main1\\backend\\src\\controllers\\auth.controller.ts:7:20)","timestamp":"2026-01-03 15:39:21"}
{"level":"error","message":"Invalid email or password","method":"POST","path":"/api/auth/login","stack":"Error: Invalid email or password\n    at createError (C:\\Users\\Jay\\Downloads\\all-in-hackathon-hero-main1\\all-in-hackathon-hero-main1\\backend\\src\\middleware\\errorHandler.ts:33:27)\n    at login (C:\\Users\\Jay\\Downloads\\all-in-hackathon-hero-main1\\all-in-hackathon-hero-main1\\backend\\src\\services\\auth.service.ts:51:11)\n    at process.processTicksAndRejections (node:internal/process/task_queues:103:5)\n    at async loginController (C:\\Users\\Jay\\Downloads\\all-in-hackathon-hero-main1\\all-in-hackathon-hero-main1\\backend\\src\\controllers\\auth.controller.ts:7:20)","timestamp":"2026-01-03 15:39:32"}
{"level":"error","message":"Invalid email or password","method":"POST","path":"/api/auth/login","stack":"Error: Invalid email or password\n    at createError (C:\\Users\\Jay\\Downloads\\all-in-hackathon-hero-main1\\all-in-hackathon-hero-main1\\backend\\src\\middleware\\errorHandler.ts:33:27)\n    at login (C:\\Users\\Jay\\Downloads\\all-in-hackathon-hero-main1\\all-in-hackathon-hero-main1\\backend\\src\\services\\auth.service.ts:51:11)\n    at process.processTicksAndRejections (node:internal/process/task_queues:103:5)\n    at async loginController (C:\\Users\\Jay\\Downloads\\all-in-hackathon-hero-main1\\all-in-hackathon-hero-main1\\backend\\src\\controllers\\auth.controller.ts:7:20)","timestamp":"2026-01-03 15:39:33"}
{"level":"error","message":"Invalid email or password","method":"POST","path":"/api/auth/login","stack":"Error: Invalid email or password\n    at createError (C:\\Users\\Jay\\Downloads\\all-in-hackathon-hero-main1\\all-in-hackathon-hero-main1\\backend\\src\\middleware\\errorHandler.ts:33:27)\n    at login (C:\\Users\\Jay\\Downloads\\all-in-hackathon-hero-main1\\all-in-hackathon-hero-main1\\backend\\src\\services\\auth.service.ts:51:11)\n    at process.processTicksAndRejections (node:internal/process/task_queues:103:5)\n    at async loginController (C:\\Users\\Jay\\Downloads\\all-in-hackathon-hero-main1\\all-in-hackathon-hero-main1\\backend\\src\\controllers\\auth.controller.ts:7:20)","timestamp":"2026-01-03 15:39:33"}
{"level":"error","message":"Invalid email or password","method":"POST","path":"/api/auth/login","stack":"Error: Invalid email or password\n    at createError (C:\\Users\\Jay\\Downloads\\all-in-hackathon-hero-main1\\all-in-hackathon-hero-main1\\backend\\src\\middleware\\errorHandler.ts:33:27)\n    at login (C:\\Users\\Jay\\Downloads\\all-in-hackathon-hero-main1\\all-in-hackathon-hero-main1\\backend\\src\\services\\auth.service.ts:51:11)\n    at process.processTicksAndRejections (node:internal/process/task_queues:103:5)\n    at async loginController (C:\\Users\\Jay\\Downloads\\all-in-hackathon-hero-main1\\all-in-hackathon-hero-main1\\backend\\src\\controllers\\auth.controller.ts:7:20)","timestamp":"2026-01-03 15:39:33"}
{"level":"error","message":"Invalid email or password","method":"POST","path":"/api/auth/login","stack":"Error: Invalid email or password\n    at createError (C:\\Users\\Jay\\Downloads\\all-in-hackathon-hero-main1\\all-in-hackathon-hero-main1\\backend\\src\\middleware\\errorHandler.ts:33:27)\n    at login (C:\\Users\\Jay\\Downloads\\all-in-hackathon-hero-main1\\all-in-hackathon-hero-main1\\backend\\src\\services\\auth.service.ts:51:11)\n    at process.processTicksAndRejections (node:internal/process/task_queues:103:5)\n    at async loginController (C:\\Users\\Jay\\Downloads\\all-in-hackathon-hero-main1\\all-in-hackathon-hero-main1\\backend\\src\\controllers\\auth.controller.ts:7:20)","timestamp":"2026-01-03 15:39:34"}
{"level":"error","message":"Invalid email or password","method":"POST","path":"/api/auth/login","stack":"Error: Invalid email or password\n    at createError (C:\\Users\\Jay\\Downloads\\all-in-hackathon-hero-main1\\all-in-hackathon-hero-main1\\backend\\src\\middleware\\errorHandler.ts:33:27)\n    at login (C:\\Users\\Jay\\Downloads\\all-in-hackathon-hero-main1\\all-in-hackathon-hero-main1\\backend\\src\\services\\auth.service.ts:51:11)\n    at process.processTicksAndRejections (node:internal/process/task_queues:103:5)\n    at async loginController (C:\\Users\\Jay\\Downloads\\all-in-hackathon-hero-main1\\all-in-hackathon-hero-main1\\backend\\src\\controllers\\auth.controller.ts:7:20)","timestamp":"2026-01-03 15:39:34"}
{"level":"error","message":"Invalid email or password","method":"POST","path":"/api/auth/login","stack":"Error: Invalid email or password\n    at createError (C:\\Users\\Jay\\Downloads\\all-in-hackathon-hero-main1\\all-in-hackathon-hero-main1\\backend\\src\\middleware\\errorHandler.ts:33:27)\n    at login (C:\\Users\\Jay\\Downloads\\all-in-hackathon-hero-main1\\all-in-hackathon-hero-main1\\backend\\src\\services\\auth.service.ts:51:11)\n    at process.processTicksAndRejections (node:internal/process/task_queues:103:5)\n    at async loginController (C:\\Users\\Jay\\Downloads\\all-in-hackathon-hero-main1\\all-in-hackathon-hero-main1\\backend\\src\\controllers\\auth.controller.ts:7:20)","timestamp":"2026-01-03 15:39:34"}
{"level":"error","message":"Invalid email or password","method":"POST","path":"/api/auth/login","stack":"Error: Invalid email or password\n    at createError (C:\\Users\\Jay\\Downloads\\all-in-hackathon-hero-main1\\all-in-hackathon-hero-main1\\backend\\src\\middleware\\errorHandler.ts:33:27)\n    at login (C:\\Users\\Jay\\Downloads\\all-in-hackathon-hero-main1\\all-in-hackathon-hero-main1\\backend\\src\\services\\auth.service.ts:51:11)\n    at process.processTicksAndRejections (node:internal/process/task_queues:103:5)\n    at async loginController (C:\\Users\\Jay\\Downloads\\all-in-hackathon-hero-main1\\all-in-hackathon-hero-main1\\backend\\src\\controllers\\auth.controller.ts:7:20)","timestamp":"2026-01-03 15:39:34"}
{"level":"info","message":"Database tables initialized","timestamp":"2026-01-03 15:46:51"}
{"level":"info","message":"Database initialized successfully","timestamp":"2026-01-03 15:46:51"}
{"level":"info","message":"Server running on port 5000","timestamp":"2026-01-03 15:46:51"}
{"level":"info","message":"Environment: development","timestamp":"2026-01-03 15:46:51"}
{"level":"info","message":"Database tables initialized","timestamp":"2026-01-03 15:47:09"}
{"level":"info","message":"Database initialized successfully","timestamp":"2026-01-03 15:47:09"}
{"level":"info","message":"Server running on port 5000","timestamp":"2026-01-03 15:47:09"}
{"level":"info","message":"Environment: development","timestamp":"2026-01-03 15:47:09"}
{"level":"error","message":"Employee ID already exists","method":"POST","path":"/api/auth/signup","stack":"Error: Employee ID already exists\n    at createError (C:\\Users\\Jay\\Downloads\\all-in-hackathon-hero-main1\\all-in-hackathon-hero-main1\\backend\\src\\middleware\\errorHandler.ts:33:27)\n    at signup (C:\\Users\\Jay\\Downloads\\all-in-hackathon-hero-main1\\all-in-hackathon-hero-main1\\backend\\src\\services\\auth.service.ts:105:11)\n    at process.processTicksAndRejections (node:internal/process/task_queues:103:5)\n    at async signupController (C:\\Users\\Jay\\Downloads\\all-in-hackathon-hero-main1\\all-in-hackathon-hero-main1\\backend\\src\\controllers\\auth.controller.ts:19:20)","timestamp":"2026-01-03 15:58:22"}
{"level":"info","message":"Database tables initialized","timestamp":"2026-01-03 16:03:00"}
{"level":"info","message":"Database initialized successfully","timestamp":"2026-01-03 16:03:00"}
{"level":"info","message":"Server running on port 5000","timestamp":"2026-01-03 16:03:00"}
{"level":"info","message":"Environment: development","timestamp":"2026-01-03 16:03:00"}
{"level":"info","message":"Database tables initialized","timestamp":"2026-01-03 16:03:17"}
{"level":"info","message":"Database initialized successfully","timestamp":"2026-01-03 16:03:17"}
{"level":"info","message":"Server running on port 5000","timestamp":"2026-01-03 16:03:17"}
{"level":"info","message":"Environment: development","timestamp":"2026-01-03 16:03:17"}
{"level":"info","message":"Database tables initialized","timestamp":"2026-01-03 16:05:48"}
{"level":"info","message":"Database initialized successfully","timestamp":"2026-01-03 16:05:48"}
{"level":"info","message":"Server running on port 5000","timestamp":"2026-01-03 16:05:48"}
{"level":"info","message":"Environment: development","timestamp":"2026-01-03 16:05:48"}
{"level":"info","message":"Database tables initialized","timestamp":"2026-01-03 16:05:51"}
{"level":"info","message":"Database initialized successfully","timestamp":"2026-01-03 16:05:51"}
{"level":"info","message":"Server running on port 5000","timestamp":"2026-01-03 16:05:51"}
{"level":"info","message":"Environment: development","timestamp":"2026-01-03 16:05:51"}
{"level":"info","message":"Database tables initialized","timestamp":"2026-01-03 16:06:06"}
{"level":"info","message":"Database initialized successfully","timestamp":"2026-01-03 16:06:06"}
{"level":"info","message":"Server running on port 5000","timestamp":"2026-01-03 16:06:06"}
{"level":"info","message":"Environment: development","timestamp":"2026-01-03 16:06:06"}
